<?xml version="1.0" encoding="UTF-8"?>
<testng-results ignored="0" total="2" passed="0" failed="2" skipped="0">
  <reporter-output>
  </reporter-output>
  <suite started-at="2022-10-12T15:05:29 EDT" name="Suite" finished-at="2022-10-12T15:05:53 EDT" duration-ms="23349">
    <groups>
    </groups>
    <test started-at="2022-10-12T15:05:29 EDT" name="Test" finished-at="2022-10-12T15:05:53 EDT" duration-ms="23349">
      <class name="tests.OrangeHRMTests">
        <test-method is-config="true" signature="setUp([Ljava.lang.Object;)[pri:0, instance:tests.OrangeHRMTests@6cdba6dc]" started-at="2022-10-12T15:05:31 EDT" name="setUp" finished-at="2022-10-12T15:05:37 EDT" duration-ms="6014" status="PASS">
          <params>
            <param index="0">
              <value>
                <![CDATA[[Ljava.lang.Object;@39e43310]]>
              </value>
            </param>
          </params>
          <reporter-output>
          </reporter-output>
        </test-method> <!-- setUp -->
        <test-method signature="loginLogoutTests(java.util.Map)[pri:0, instance:tests.OrangeHRMTests@6cdba6dc]" started-at="2022-10-12T15:05:37 EDT" name="loginLogoutTests" description="To check login, logout functionality" data-provider="getData" finished-at="2022-10-12T15:05:42 EDT" duration-ms="4770" status="FAIL">
          <params>
            <param index="0">
              <value>
                <![CDATA[{fname=test, password=admin123, browser=chrome, testname=loginLogoutTests, execute=yes, username=Admin}]]>
              </value>
            </param>
          </params>
          <exception class="java.lang.AssertionError">
            <message>
              <![CDATA[
expected: "OrangeHRM123"
 but was: "OrangeHRM"]]>
            </message>
            <full-stacktrace>
              <![CDATA[java.lang.AssertionError: 
expected: "OrangeHRM123"
 but was: "OrangeHRM"
at tests.OrangeHRMTests.loginLogoutTests(OrangeHRMTests.java:31)
at java.base/jdk.internal.reflect.DirectMethodHandleAccessor.invoke(DirectMethodHandleAccessor.java:104)
at java.base/java.lang.reflect.Method.invoke(Method.java:577)
at org.testng.internal.invokers.MethodInvocationHelper.invokeMethod(MethodInvocationHelper.java:135)
at org.testng.internal.invokers.TestInvoker.invokeMethod(TestInvoker.java:673)
at org.testng.internal.invokers.TestInvoker.invokeTestMethod(TestInvoker.java:220)
at org.testng.internal.invokers.MethodRunner.runInSequence(MethodRunner.java:50)
at org.testng.internal.invokers.TestInvoker$MethodInvocationAgent.invoke(TestInvoker.java:945)
at org.testng.internal.invokers.TestInvoker.invokeTestMethods(TestInvoker.java:193)
at org.testng.internal.invokers.TestMethodWorker.invokeTestMethods(TestMethodWorker.java:146)
at org.testng.internal.invokers.TestMethodWorker.run(TestMethodWorker.java:128)
at java.base/java.util.concurrent.ThreadPoolExecutor.runWorker(ThreadPoolExecutor.java:1136)
at java.base/java.util.concurrent.ThreadPoolExecutor$Worker.run(ThreadPoolExecutor.java:635)
at java.base/java.lang.Thread.run(Thread.java:833)
]]>
            </full-stacktrace>
          </exception> <!-- java.lang.AssertionError -->
          <reporter-output>
          </reporter-output>
        </test-method> <!-- loginLogoutTests -->
        <test-method is-config="true" signature="tearDown(org.testng.ITestResult)[pri:0, instance:tests.OrangeHRMTests@6cdba6dc]" started-at="2022-10-12T15:05:42 EDT" name="tearDown" finished-at="2022-10-12T15:05:42 EDT" duration-ms="114" status="PASS">
          <params>
            <param index="0">
              <value>
                <![CDATA[[TestResult name=loginLogoutTests status=FAILURE method=OrangeHRMTests.loginLogoutTests(java.util.Map)[pri:0, instance:tests.OrangeHRMTests@6cdba6dc] output={null}]]]>
              </value>
            </param>
          </params>
          <reporter-output>
          </reporter-output>
        </test-method> <!-- tearDown -->
        <test-method is-config="true" signature="setUp([Ljava.lang.Object;)[pri:0, instance:tests.OrangeHRMTests@6cdba6dc]" started-at="2022-10-12T15:05:42 EDT" name="setUp" finished-at="2022-10-12T15:05:48 EDT" duration-ms="5734" status="PASS">
          <params>
            <param index="0">
              <value>
                <![CDATA[[Ljava.lang.Object;@eb507b9]]>
              </value>
            </param>
          </params>
          <reporter-output>
          </reporter-output>
        </test-method> <!-- setUp -->
        <test-method signature="loginLogoutTests(java.util.Map)[pri:0, instance:tests.OrangeHRMTests@6cdba6dc]" started-at="2022-10-12T15:05:48 EDT" name="loginLogoutTests" description="To check login, logout functionality" data-provider="getData" finished-at="2022-10-12T15:05:52 EDT" duration-ms="3938" status="FAIL">
          <params>
            <param index="0">
              <value>
                <![CDATA[{fname=, password=admin123, browser=firefox, testname=loginLogoutTests, execute=yes, username=Admin}]]>
              </value>
            </param>
          </params>
          <exception class="java.lang.AssertionError">
            <message>
              <![CDATA[
expected: "OrangeHRM123"
 but was: "OrangeHRM"]]>
            </message>
            <full-stacktrace>
              <![CDATA[java.lang.AssertionError: 
expected: "OrangeHRM123"
 but was: "OrangeHRM"
at tests.OrangeHRMTests.loginLogoutTests(OrangeHRMTests.java:31)
at java.base/jdk.internal.reflect.DirectMethodHandleAccessor.invoke(DirectMethodHandleAccessor.java:104)
at java.base/java.lang.reflect.Method.invoke(Method.java:577)
at org.testng.internal.invokers.MethodInvocationHelper.invokeMethod(MethodInvocationHelper.java:135)
at org.testng.internal.invokers.TestInvoker.invokeMethod(TestInvoker.java:673)
at org.testng.internal.invokers.TestInvoker.invokeTestMethod(TestInvoker.java:220)
at org.testng.internal.invokers.MethodRunner.runInSequence(MethodRunner.java:50)
at org.testng.internal.invokers.TestInvoker$MethodInvocationAgent.invoke(TestInvoker.java:945)
at org.testng.internal.invokers.TestInvoker.invokeTestMethods(TestInvoker.java:193)
at org.testng.internal.invokers.TestMethodWorker.invokeTestMethods(TestMethodWorker.java:146)
at org.testng.internal.invokers.TestMethodWorker.run(TestMethodWorker.java:128)
at java.base/java.util.concurrent.ThreadPoolExecutor.runWorker(ThreadPoolExecutor.java:1136)
at java.base/java.util.concurrent.ThreadPoolExecutor$Worker.run(ThreadPoolExecutor.java:635)
at java.base/java.lang.Thread.run(Thread.java:833)
]]>
            </full-stacktrace>
          </exception> <!-- java.lang.AssertionError -->
          <reporter-output>
          </reporter-output>
        </test-method> <!-- loginLogoutTests -->
        <test-method is-config="true" signature="tearDown(org.testng.ITestResult)[pri:0, instance:tests.OrangeHRMTests@6cdba6dc]" started-at="2022-10-12T15:05:52 EDT" name="tearDown" finished-at="2022-10-12T15:05:53 EDT" duration-ms="709" status="PASS">
          <params>
            <param index="0">
              <value>
                <![CDATA[[TestResult name=loginLogoutTests status=FAILURE method=OrangeHRMTests.loginLogoutTests(java.util.Map)[pri:0, instance:tests.OrangeHRMTests@6cdba6dc] output={null}]]]>
              </value>
            </param>
          </params>
          <reporter-output>
          </reporter-output>
        </test-method> <!-- tearDown -->
      </class> <!-- tests.OrangeHRMTests -->
    </test> <!-- Test -->
  </suite> <!-- Suite -->
</testng-results>
